-------------------------------------------------------------------------------
Test set: TestSuite
-------------------------------------------------------------------------------
Tests run: 2, Failures: 1, Errors: 0, Skipped: 0, Time elapsed: 14.27 s <<< FAILURE! - in TestSuite
cucumberOptions.TestNGRunner.runScenario["Search Experience for product in both home page and offers page", "Search and place order for products"](2)  Time elapsed: 12.561 s  <<< FAILURE!
java.lang.AssertionError: expected [No data] but found [Beetroot]

